[2025-04-24 15:10:53] DEBUG MemberDao.logIn(MemberDao.java:43) - 로그인 성공! 환영합니다 ☺ 관리자님.
[2025-04-24 15:14:01] DEBUG MemberDao.logIn(MemberDao.java:43) - 로그인 성공! 환영합니다 ☺ 관리자님.
[2025-04-24 15:15:37] DEBUG MemberDao.logIn(MemberDao.java:43) - 로그인 성공! 환영합니다 ☺ 관리자님.
[2025-04-24 15:16:21] DEBUG MemberDao.logIn(MemberDao.java:43) - 로그인 성공! 환영합니다 ☺ 관리자님.
[2025-04-24 15:23:58] DEBUG LoginService.loginMenu(LoginService.java:55) - ╔════════════════════════════════════════╗
[2025-04-24 15:23:58] DEBUG LoginService.loginMenu(LoginService.java:56) - ║                AyCar 🚗     	 	 ║
[2025-04-24 15:23:58] DEBUG LoginService.loginMenu(LoginService.java:57) - ╠════════════════════════════════════════╣
[2025-04-24 15:23:58] DEBUG LoginService.loginMenu(LoginService.java:58) - ║  1. 회원가입                  		 ║
[2025-04-24 15:23:58] DEBUG LoginService.loginMenu(LoginService.java:59) - ║  2. 로그인	                   	 ║
[2025-04-24 15:23:58] DEBUG LoginService.loginMenu(LoginService.java:60) - ║  3. 종료	                   	 ║
[2025-04-24 15:23:58] DEBUG LoginService.loginMenu(LoginService.java:61) - ╚════════════════════════════════════════╝
╔════════════════════════════════════════╗
║                AyCar 🚗     	 	 ║
╠════════════════════════════════════════╣
║  1. 회원가입                  		 ║
║  2. 로그인	                   	 ║
║  3. 종료	                   	 ║
╚════════════════════════════════════════╝
로그인 성공! 환영합니다 ☺ 관리자님.
로그인 성공! 관리자님 환영합니다.

╔════════════════════════════════════════╗
║         관리자 메뉴 (Admin Mode)   	 ║
╠════════════════════════════════════════╣
║  1. 회원 전체 조회                    	 ║
║  2. 회원 단건 조회                    	 ║
║  3. 회원 수정                         	 ║
║  4. 회원 삭제                           	 ║
║  5. 예약 차량 조회                    	 ║
║  6. 차량 예약 취소                    	 ║
║  7. 차량 정보 수정                        	 ║
║  8. 차량 정보 삭제                        	 ║
║  9. 차량 정보 비교                        	 ║
║  10. 로그아웃 / 이전 메뉴                  	 ║
╚════════════════════════════════════════╝

====== 회원 전체 목록 ======
ID: admin, 이름: 관리자, 권한: 관리자
ID: user1, 이름: 이상무1, 권한: 일반
ID: user2, 이름: 이상무2, 권한: 일반
ID: user3, 이름: 이상무3, 권한: 일반
ID: user4, 이름: 이상무4, 권한: 일반
ID: user5, 이름: 이상무5, 권한: 일반
===========================
▶ 1. 뒤로가기
▶ 2. 종료

╔════════════════════════════════════════╗
║         관리자 메뉴 (Admin Mode)   	 ║
╠════════════════════════════════════════╣
║  1. 회원 전체 조회                    	 ║
║  2. 회원 단건 조회                    	 ║
║  3. 회원 수정                         	 ║
║  4. 회원 삭제                           	 ║
║  5. 예약 차량 조회                    	 ║
║  6. 차량 예약 취소                    	 ║
║  7. 차량 정보 수정                        	 ║
║  8. 차량 정보 삭제                        	 ║
║  9. 차량 정보 비교                        	 ║
║  10. 로그아웃 / 이전 메뉴                  	 ║
╚════════════════════════════════════════╝
===== 회원 정보 =====
ID: user2
이름: 이상무2
권한: 일반
▶ 1. 뒤로가기
▶ 2. 종료

╔════════════════════════════════════════╗
║         관리자 메뉴 (Admin Mode)   	 ║
╠════════════════════════════════════════╣
║  1. 회원 전체 조회                    	 ║
║  2. 회원 단건 조회                    	 ║
║  3. 회원 수정                         	 ║
║  4. 회원 삭제                           	 ║
║  5. 예약 차량 조회                    	 ║
║  6. 차량 예약 취소                    	 ║
║  7. 차량 정보 수정                        	 ║
║  8. 차량 정보 삭제                        	 ║
║  9. 차량 정보 비교                        	 ║
║  10. 로그아웃 / 이전 메뉴                  	 ║
╚════════════════════════════════════════╝
비밀번호가 성공적으로 변경되었습니다.

╔════════════════════════════════════════╗
║         관리자 메뉴 (Admin Mode)   	 ║
╠════════════════════════════════════════╣
║  1. 회원 전체 조회                    	 ║
║  2. 회원 단건 조회                    	 ║
║  3. 회원 수정                         	 ║
║  4. 회원 삭제                           	 ║
║  5. 예약 차량 조회                    	 ║
║  6. 차량 예약 취소                    	 ║
║  7. 차량 정보 수정                        	 ║
║  8. 차량 정보 삭제                        	 ║
║  9. 차량 정보 비교                        	 ║
║  10. 로그아웃 / 이전 메뉴                  	 ║
╚════════════════════════════════════════╝
회원을 성공적으로 삭제 했습니다.

╔════════════════════════════════════════╗
║         관리자 메뉴 (Admin Mode)   	 ║
╠════════════════════════════════════════╣
║  1. 회원 전체 조회                    	 ║
║  2. 회원 단건 조회                    	 ║
║  3. 회원 수정                         	 ║
║  4. 회원 삭제                           	 ║
║  5. 예약 차량 조회                    	 ║
║  6. 차량 예약 취소                    	 ║
║  7. 차량 정보 수정                        	 ║
║  8. 차량 정보 삭제                        	 ║
║  9. 차량 정보 비교                        	 ║
║  10. 로그아웃 / 이전 메뉴                  	 ║
╚════════════════════════════════════════╝
▶ 1. 뒤로가기
▶ 2. 종료

╔════════════════════════════════════════╗
║         관리자 메뉴 (Admin Mode)   	 ║
╠════════════════════════════════════════╣
║  1. 회원 전체 조회                    	 ║
║  2. 회원 단건 조회                    	 ║
║  3. 회원 수정                         	 ║
║  4. 회원 삭제                           	 ║
║  5. 예약 차량 조회                    	 ║
║  6. 차량 예약 취소                    	 ║
║  7. 차량 정보 수정                        	 ║
║  8. 차량 정보 삭제                        	 ║
║  9. 차량 정보 비교                        	 ║
║  10. 로그아웃 / 이전 메뉴                  	 ║
╚════════════════════════════════════════╝
예약 취소할 차량 번호 : 
예약된 차량이 아닙니다.

╔════════════════════════════════════════╗
║         관리자 메뉴 (Admin Mode)   	 ║
╠════════════════════════════════════════╣
║  1. 회원 전체 조회                    	 ║
║  2. 회원 단건 조회                    	 ║
║  3. 회원 수정                         	 ║
║  4. 회원 삭제                           	 ║
║  5. 예약 차량 조회                    	 ║
║  6. 차량 예약 취소                    	 ║
║  7. 차량 정보 수정                        	 ║
║  8. 차량 정보 삭제                        	 ║
║  9. 차량 정보 비교                        	 ║
║  10. 로그아웃 / 이전 메뉴                  	 ║
╚════════════════════════════════════════╝
수정할 차량 번호를 입력하세요.
수정할 금액을 입력하세요.
차량 금액이 변경 되었습니다.

╔════════════════════════════════════════╗
║         관리자 메뉴 (Admin Mode)   	 ║
╠════════════════════════════════════════╣
║  1. 회원 전체 조회                    	 ║
║  2. 회원 단건 조회                    	 ║
║  3. 회원 수정                         	 ║
║  4. 회원 삭제                           	 ║
║  5. 예약 차량 조회                    	 ║
║  6. 차량 예약 취소                    	 ║
║  7. 차량 정보 수정                        	 ║
║  8. 차량 정보 삭제                        	 ║
║  9. 차량 정보 비교                        	 ║
║  10. 로그아웃 / 이전 메뉴                  	 ║
╚════════════════════════════════════════╝
삭제할 차량 번호(carNo)를 입력하세요.
차량 삭제 되었습니다.

╔════════════════════════════════════════╗
║         관리자 메뉴 (Admin Mode)   	 ║
╠════════════════════════════════════════╣
║  1. 회원 전체 조회                    	 ║
║  2. 회원 단건 조회                    	 ║
║  3. 회원 수정                         	 ║
║  4. 회원 삭제                           	 ║
║  5. 예약 차량 조회                    	 ║
║  6. 차량 예약 취소                    	 ║
║  7. 차량 정보 수정                        	 ║
║  8. 차량 정보 삭제                        	 ║
║  9. 차량 정보 비교                        	 ║
║  10. 로그아웃 / 이전 메뉴                  	 ║
╚════════════════════════════════════════╝
비교할 차량 번호를 입력하세요.
1. 차량 번호를 입력하세요.
2. 차량 번호를 입력하세요.

╔════════════════════════════════════════╗
║         관리자 메뉴 (Admin Mode)   	 ║
╠════════════════════════════════════════╣
║  1. 회원 전체 조회                    	 ║
║  2. 회원 단건 조회                    	 ║
║  3. 회원 수정                         	 ║
║  4. 회원 삭제                           	 ║
║  5. 예약 차량 조회                    	 ║
║  6. 차량 예약 취소                    	 ║
║  7. 차량 정보 수정                        	 ║
║  8. 차량 정보 삭제                        	 ║
║  9. 차량 정보 비교                        	 ║
║  10. 로그아웃 / 이전 메뉴                  	 ║
╚════════════════════════════════════════╝
╔════════════════════════════════════════╗
║                AyCar 🚗     	 	 ║
╠════════════════════════════════════════╣
║  1. 회원가입                  		 ║
║  2. 로그인	                   	 ║
║  3. 종료	                   	 ║
╚════════════════════════════════════════╝
로그인 성공! 환영합니다 ☺ 관리자님.
로그인 성공! 관리자님 환영합니다.

╔════════════════════════════════════════╗
║         관리자 메뉴 (Admin Mode)   	 ║
╠════════════════════════════════════════╣
║  1. 회원 전체 조회                    	 ║
║  2. 회원 단건 조회                    	 ║
║  3. 회원 수정                         	 ║
║  4. 회원 삭제                           	 ║
║  5. 예약 차량 조회                    	 ║
║  6. 차량 예약 취소                    	 ║
║  7. 차량 정보 수정                        	 ║
║  8. 차량 정보 삭제                        	 ║
║  9. 차량 정보 비교                        	 ║
║  10. 로그아웃 / 이전 메뉴                  	 ║
╚════════════════════════════════════════╝
▶ 번호를 선택하세요: 
수정할 차량 번호를 입력하세요.
수정할 금액을 입력하세요.
차량 금액이 변경 되었습니다.

╔════════════════════════════════════════╗
║         관리자 메뉴 (Admin Mode)   	 ║
╠════════════════════════════════════════╣
║  1. 회원 전체 조회                    	 ║
║  2. 회원 단건 조회                    	 ║
║  3. 회원 수정                         	 ║
║  4. 회원 삭제                           	 ║
║  5. 예약 차량 조회                    	 ║
║  6. 차량 예약 취소                    	 ║
║  7. 차량 정보 수정                        	 ║
║  8. 차량 정보 삭제                        	 ║
║  9. 차량 정보 비교                        	 ║
║  10. 로그아웃 / 이전 메뉴                  	 ║
╚════════════════════════════════════════╝
▶ 번호를 선택하세요: 
관리자님, 로그아웃 되었습니다.
로그 아웃하고 이전 메뉴로 돌아갑니다.
╔════════════════════════════════════════╗
║                AyCar 🚗     	 	 ║
╠════════════════════════════════════════╣
║  1. 회원가입                  		 ║
║  2. 로그인	                   	 ║
║  3. 종료	                   	 ║
╚════════════════════════════════════════╝
로그인 실패! ID 또는 비밀번호를 확인하세요.
로그인 실패!
╔════════════════════════════════════════╗
║                AyCar 🚗     	 	 ║
╠════════════════════════════════════════╣
║  1. 회원가입                  		 ║
║  2. 로그인	                   	 ║
║  3. 종료	                   	 ║
╚════════════════════════════════════════╝
로그인 실패! ID 또는 비밀번호를 확인하세요.
로그인 실패!
╔════════════════════════════════════════╗
║                AyCar 🚗     	 	 ║
╠════════════════════════════════════════╣
║  1. 회원가입                  		 ║
║  2. 로그인	                   	 ║
║  3. 종료	                   	 ║
╚════════════════════════════════════════╝
잘못된 입력입니다. 숫자만 입력 해주세요.
╔════════════════════════════════════════╗
║                AyCar 🚗     	 	 ║
╠════════════════════════════════════════╣
║  1. 회원가입                  		 ║
║  2. 로그인	                   	 ║
║  3. 종료	                   	 ║
╚════════════════════════════════════════╝
잘못된 입력입니다. 숫자만 입력 해주세요.
╔════════════════════════════════════════╗
║                AyCar 🚗     	 	 ║
╠════════════════════════════════════════╣
║  1. 회원가입                  		 ║
║  2. 로그인	                   	 ║
║  3. 종료	                   	 ║
╚════════════════════════════════════════╝
╔════════════════════════════════════════╗
║                AyCar 🚗     	 	 ║
╠════════════════════════════════════════╣
║  1. 회원가입                  		 ║
║  2. 로그인	                   	 ║
║  3. 종료	                   	 ║
╚════════════════════════════════════════╝
╔════════════════════════════════════════╗
║                AyCar 🚗     	 	 ║
╠════════════════════════════════════════╣
║  1. 회원가입                  		 ║
║  2. 로그인	                   	 ║
║  3. 종료	                   	 ║
╚════════════════════════════════════════╝
로그인 성공! 환영합니다 ☺ 이상무3님.
로그인 성공! 이상무3님 환영합니다.
╔════════════════════════════════════════╗
║         유저 메뉴 (User Mode)   	         ║
╠════════════════════════════════════════╣
║  1. 차량 조회                         	 ║
║  2. 차량 예약                         	 ║
║  3. 차량 비교                         	 ║
║  4. 회원 삭제                           	 ║
║  5. 로그아웃 / 이전 메뉴                  	 ║
╚════════════════════════════════════════╝
📋 전체 차량 목록:
-------------------------------------------------------------------------------------------------------
╔════════════════════════════════════════╗
║         조회 메뉴 (User Mode)   	         ║
╠════════════════════════════════════════╣
║  1. 브랜드별 조회                        	 ║
║  2. 가격별 조회                         	 ║
║  3. 차종별 조회                         	 ║
║  4. 이전 메뉴                        	 ║
╚════════════════════════════════════════╝
조회할 브랜드를 입력해 주세요
🚗 제조사 [현대] 차량 목록:
----------------------------------------------------------------------------------------------------
╔════════════════════════════════════════╗
║         조회 메뉴 (User Mode)   	         ║
╠════════════════════════════════════════╣
║  1. 브랜드별 조회                        	 ║
║  2. 가격별 조회                         	 ║
║  3. 차종별 조회                         	 ║
║  4. 이전 메뉴                        	 ║
╚════════════════════════════════════════╝
╔════════════════════════════════════════╗
║                AyCar 🚗     	 	 ║
╠════════════════════════════════════════╣
║  1. 회원가입                  		 ║
║  2. 로그인	                   	 ║
║  3. 종료	                   	 ║
╚════════════════════════════════════════╝
로그인 성공! 환영합니다 ☺ 관리자님.
로그인 성공! 관리자님 환영합니다.

╔════════════════════════════════════════╗
║         관리자 메뉴 (Admin Mode)   	 ║
╠════════════════════════════════════════╣
║  1. 회원 전체 조회                    	 ║
║  2. 회원 단건 조회                    	 ║
║  3. 회원 수정                         	 ║
║  4. 회원 삭제                           	 ║
║  5. 예약 차량 조회                    	 ║
║  6. 차량 예약 취소                    	 ║
║  7. 차량 정보 수정                        	 ║
║  8. 차량 정보 삭제                        	 ║
║  9. 차량 정보 비교                        	 ║
║  10. 로그아웃 / 이전 메뉴                  	 ║
╚════════════════════════════════════════╝
▶ 번호를 선택하세요: 
비교할 차량 번호를 입력하세요.
1. 차량 번호를 입력하세요.
2. 차량 번호를 입력하세요.
%-6s %-13s %-8s %-8s %-8s %-12s %-8s %-8s %-10s %-8s%n
%-8s %-10s %-10s %-8d %-8s %-10s %-10s %-12d %-10d %-8s%n
%-8s %-10s %-10s %-8d %-8s %-10s %-10s %-12d %-10d %-8s%n
╔════════════════════════════════════════╗
║                AyCar 🚗     	 	 ║
╠════════════════════════════════════════╣
║  1. 회원가입                  		 ║
║  2. 로그인	                   	 ║
║  3. 종료	                   	 ║
╚════════════════════════════════════════╝
로그인 성공! 환영합니다 ☺ 관리자님.
로그인 성공! 관리자님 환영합니다.

╔════════════════════════════════════════╗
║         관리자 메뉴 (Admin Mode)   	 ║
╠════════════════════════════════════════╣
║  1. 회원 전체 조회                    	 ║
║  2. 회원 단건 조회                    	 ║
║  3. 회원 수정                         	 ║
║  4. 회원 삭제                           	 ║
║  5. 예약 차량 조회                    	 ║
║  6. 차량 예약 취소                    	 ║
║  7. 차량 정보 수정                        	 ║
║  8. 차량 정보 삭제                        	 ║
║  9. 차량 정보 비교                        	 ║
║  10. 로그아웃 / 이전 메뉴                  	 ║
╚════════════════════════════════════════╝
▶ 번호를 선택하세요: 
비교할 차량 번호를 입력하세요.
1. 차량 번호를 입력하세요.
2. 차량 번호를 입력하세요.
╔════════════════════════════════════════╗
║                AyCar 🚗     	 	 ║
╠════════════════════════════════════════╣
║  1. 회원가입                  		 ║
║  2. 로그인	                   	 ║
║  3. 종료	                   	 ║
╚════════════════════════════════════════╝
로그인 성공! 환영합니다 ☺ 관리자님.
로그인 성공! 관리자님 환영합니다.

╔════════════════════════════════════════╗
║         관리자 메뉴 (Admin Mode)   	 ║
╠════════════════════════════════════════╣
║  1. 회원 전체 조회                    	 ║
║  2. 회원 단건 조회                    	 ║
║  3. 회원 수정                         	 ║
║  4. 회원 삭제                           	 ║
║  5. 예약 차량 조회                    	 ║
║  6. 차량 예약 취소                    	 ║
║  7. 차량 정보 수정                        	 ║
║  8. 차량 정보 삭제                        	 ║
║  9. 차량 정보 비교                        	 ║
║  10. 로그아웃 / 이전 메뉴                  	 ║
╚════════════════════════════════════════╝
▶ 번호를 선택하세요: 
비교할 차량 번호를 입력하세요.
1. 차량 번호를 입력하세요.
2. 차량 번호를 입력하세요.
╔════════════════════════════════════════╗
║                AyCar 🚗     	 	 ║
╠════════════════════════════════════════╣
║  1. 회원가입                  		 ║
║  2. 로그인	                   	 ║
║  3. 종료	                   	 ║
╚════════════════════════════════════════╝
로그인 성공! 환영합니다 ☺ 관리자님.
로그인 성공! 관리자님 환영합니다.

╔════════════════════════════════════════╗
║         관리자 메뉴 (Admin Mode)   	 ║
╠════════════════════════════════════════╣
║  1. 회원 전체 조회                    	 ║
║  2. 회원 단건 조회                    	 ║
║  3. 회원 수정                         	 ║
║  4. 회원 삭제                           	 ║
║  5. 예약 차량 조회                    	 ║
║  6. 차량 예약 취소                    	 ║
║  7. 차량 정보 수정                        	 ║
║  8. 차량 정보 삭제                        	 ║
║  9. 차량 정보 비교                        	 ║
║  10. 로그아웃 / 이전 메뉴                  	 ║
╚════════════════════════════════════════╝
▶ 번호를 선택하세요: 
비교할 차량 번호를 입력하세요.
1. 차량 번호를 입력하세요.
2. 차량 번호를 입력하세요.
╔════════════════════════════════════════╗
║                AyCar 🚗     	 	 ║
╠════════════════════════════════════════╣
║  1. 회원가입                  		 ║
║  2. 로그인	                   	 ║
║  3. 종료	                   	 ║
╚════════════════════════════════════════╝
로그인 성공! 환영합니다 ☺ 관리자님.
로그인 성공! 관리자님 환영합니다.

╔════════════════════════════════════════╗
║         관리자 메뉴 (Admin Mode)   	 ║
╠════════════════════════════════════════╣
║  1. 회원 전체 조회                    	 ║
║  2. 회원 단건 조회                    	 ║
║  3. 회원 수정                         	 ║
║  4. 회원 삭제                           	 ║
║  5. 예약 차량 조회                    	 ║
║  6. 차량 예약 취소                    	 ║
║  7. 차량 정보 수정                        	 ║
║  8. 차량 정보 삭제                        	 ║
║  9. 차량 정보 비교                        	 ║
║  10. 로그아웃 / 이전 메뉴                  	 ║
╚════════════════════════════════════════╝
▶ 번호를 선택하세요: 
비교할 차량 번호를 입력하세요.
1. 차량 번호를 입력하세요.
2. 차량 번호를 입력하세요.

╔════════════════════════════════════════╗
║         관리자 메뉴 (Admin Mode)   	 ║
╠════════════════════════════════════════╣
║  1. 회원 전체 조회                    	 ║
║  2. 회원 단건 조회                    	 ║
║  3. 회원 수정                         	 ║
║  4. 회원 삭제                           	 ║
║  5. 예약 차량 조회                    	 ║
║  6. 차량 예약 취소                    	 ║
║  7. 차량 정보 수정                        	 ║
║  8. 차량 정보 삭제                        	 ║
║  9. 차량 정보 비교                        	 ║
║  10. 로그아웃 / 이전 메뉴                  	 ║
╚════════════════════════════════════════╝
▶ 번호를 선택하세요: 
비교할 차량 번호를 입력하세요.
1. 차량 번호를 입력하세요.
2. 차량 번호를 입력하세요.
╔════════════════════════════════════════╗
║                AyCar 🚗     	 	 ║
╠════════════════════════════════════════╣
║  1. 회원가입                  		 ║
║  2. 로그인	                   	 ║
║  3. 종료	                   	 ║
╚════════════════════════════════════════╝
로그인 성공! 환영합니다 ☺ 관리자님.
로그인 성공! 관리자님 환영합니다.

╔════════════════════════════════════════╗
║         관리자 메뉴 (Admin Mode)   	 ║
╠════════════════════════════════════════╣
║  1. 회원 전체 조회                    	 ║
║  2. 회원 단건 조회                    	 ║
║  3. 회원 수정                         	 ║
║  4. 회원 삭제                           	 ║
║  5. 예약 차량 조회                    	 ║
║  6. 차량 예약 취소                    	 ║
║  7. 차량 정보 수정                        	 ║
║  8. 차량 정보 삭제                        	 ║
║  9. 차량 정보 비교                        	 ║
║  10. 로그아웃 / 이전 메뉴                  	 ║
╚════════════════════════════════════════╝
▶ 번호를 선택하세요: 
비교할 차량 번호를 입력하세요.
1. 차량 번호를 입력하세요.
2. 차량 번호를 입력하세요.
╔════════════════════════════════════════╗
║                AyCar 🚗     	 	 ║
╠════════════════════════════════════════╣
║  1. 회원가입                  		 ║
║  2. 로그인	                   	 ║
║  3. 종료	                   	 ║
╚════════════════════════════════════════╝
로그인 성공! 환영합니다 ☺ 관리자님.
로그인 성공! 관리자님 환영합니다.

╔════════════════════════════════════════╗
║         관리자 메뉴 (Admin Mode)   	 ║
╠════════════════════════════════════════╣
║  1. 회원 전체 조회                    	 ║
║  2. 회원 단건 조회                    	 ║
║  3. 회원 수정                         	 ║
║  4. 회원 삭제                           	 ║
║  5. 예약 차량 조회                    	 ║
║  6. 차량 예약 취소                    	 ║
║  7. 차량 정보 수정                        	 ║
║  8. 차량 정보 삭제                        	 ║
║  9. 차량 정보 비교                        	 ║
║  10. 로그아웃 / 이전 메뉴                  	 ║
╚════════════════════════════════════════╝
▶ 번호를 선택하세요: 
비교할 차량 번호를 입력하세요.
1. 차량 번호를 입력하세요.
2. 차량 번호를 입력하세요.

╔════════════════════════════════════════╗
║         관리자 메뉴 (Admin Mode)   	 ║
╠════════════════════════════════════════╣
║  1. 회원 전체 조회                    	 ║
║  2. 회원 단건 조회                    	 ║
║  3. 회원 수정                         	 ║
║  4. 회원 삭제                           	 ║
║  5. 예약 차량 조회                    	 ║
║  6. 차량 예약 취소                    	 ║
║  7. 차량 정보 수정                        	 ║
║  8. 차량 정보 삭제                        	 ║
║  9. 차량 정보 비교                        	 ║
║  10. 로그아웃 / 이전 메뉴                  	 ║
╚════════════════════════════════════════╝
▶ 번호를 선택하세요: 
╔════════════════════════════════════════╗
║                AyCar 🚗     	 	 ║
╠════════════════════════════════════════╣
║  1. 회원가입                  		 ║
║  2. 로그인	                   	 ║
║  3. 종료	                   	 ║
╚════════════════════════════════════════╝
로그인 성공! 환영합니다 ☺ 관리자님.
로그인 성공! 관리자님 환영합니다.

╔════════════════════════════════════════╗
║         관리자 메뉴 (Admin Mode)   	 ║
╠════════════════════════════════════════╣
║  1. 회원 전체 조회                    	 ║
║  2. 회원 단건 조회                    	 ║
║  3. 회원 수정                         	 ║
║  4. 회원 삭제                           	 ║
║  5. 예약 차량 조회                    	 ║
║  6. 차량 예약 취소                    	 ║
║  7. 차량 정보 수정                        	 ║
║  8. 차량 정보 삭제                        	 ║
║  9. 차량 정보 비교                        	 ║
║  10. 로그아웃 / 이전 메뉴                  	 ║
╚════════════════════════════════════════╝
▶ 번호를 선택하세요: 
비교할 차량 번호를 입력하세요.
1. 차량 번호를 입력하세요.
2. 차량 번호를 입력하세요.
╔════════════════════════════════════════╗
║                AyCar 🚗     	 	 ║
╠════════════════════════════════════════╣
║  1. 회원가입                  		 ║
║  2. 로그인	                   	 ║
║  3. 종료	                   	 ║
╚════════════════════════════════════════╝
로그인 성공! 환영합니다 ☺ 관리자님.
로그인 성공! 관리자님 환영합니다.

╔════════════════════════════════════════╗
║         관리자 메뉴 (Admin Mode)   	 ║
╠════════════════════════════════════════╣
║  1. 회원 전체 조회                    	 ║
║  2. 회원 단건 조회                    	 ║
║  3. 회원 수정                         	 ║
║  4. 회원 삭제                           	 ║
║  5. 예약 차량 조회                    	 ║
║  6. 차량 예약 취소                    	 ║
║  7. 차량 정보 수정                        	 ║
║  8. 차량 정보 삭제                        	 ║
║  9. 차량 정보 비교                        	 ║
║  10. 로그아웃 / 이전 메뉴                  	 ║
╚════════════════════════════════════════╝
▶ 번호를 선택하세요: 
비교할 차량 번호를 입력하세요.
1. 차량 번호를 입력하세요.
2. 차량 번호를 입력하세요.
╔════════════════════════════════════════╗
║                AyCar 🚗     	 	 ║
╠════════════════════════════════════════╣
║  1. 회원가입                  		 ║
║  2. 로그인	                   	 ║
║  3. 종료	                   	 ║
╚════════════════════════════════════════╝
로그인 성공! 환영합니다 ☺ 관리자님.
로그인 성공! 관리자님 환영합니다.

╔════════════════════════════════════════╗
║         관리자 메뉴 (Admin Mode)   	 ║
╠════════════════════════════════════════╣
║  1. 회원 전체 조회                    	 ║
║  2. 회원 단건 조회                    	 ║
║  3. 회원 수정                         	 ║
║  4. 회원 삭제                           	 ║
║  5. 예약 차량 조회                    	 ║
║  6. 차량 예약 취소                    	 ║
║  7. 차량 정보 수정                        	 ║
║  8. 차량 정보 삭제                        	 ║
║  9. 차량 정보 비교                        	 ║
║  10. 로그아웃 / 이전 메뉴                  	 ║
╚════════════════════════════════════════╝
▶ 번호를 선택하세요: 
비교할 차량 번호를 입력하세요.
1. 차량 번호를 입력하세요.
2. 차량 번호를 입력하세요.
╔════════════════════════════════════════╗
║                AyCar 🚗     	 	 ║
╠════════════════════════════════════════╣
║  1. 회원가입                  		 ║
║  2. 로그인	                   	 ║
║  3. 종료	                   	 ║
╚════════════════════════════════════════╝
로그인 성공! 환영합니다 ☺ 관리자님.
로그인 성공! 관리자님 환영합니다.

╔════════════════════════════════════════╗
║         관리자 메뉴 (Admin Mode)   	 ║
╠════════════════════════════════════════╣
║  1. 회원 전체 조회                    	 ║
║  2. 회원 단건 조회                    	 ║
║  3. 회원 수정                         	 ║
║  4. 회원 삭제                           	 ║
║  5. 예약 차량 조회                    	 ║
║  6. 차량 예약 취소                    	 ║
║  7. 차량 정보 수정                        	 ║
║  8. 차량 정보 삭제                        	 ║
║  9. 차량 정보 비교                        	 ║
║  10. 로그아웃 / 이전 메뉴                  	 ║
╚════════════════════════════════════════╝
▶ 번호를 선택하세요: 
비교할 차량 번호를 입력하세요.
1. 차량 번호를 입력하세요.
2. 차량 번호를 입력하세요.
